INFO: 2022-02-25 11:13:14,446 - Authenticating in Reddit
INFO: 2022-02-25 11:15:32,379 - Authenticating in Reddit
INFO: 2022-02-25 11:18:28,789 - Authenticating in Reddit
INFO: 2022-02-25 11:18:58,215 - Authenticating in Reddit
INFO: 2022-02-25 11:19:22,832 - Authenticating in Reddit
INFO: 2022-02-25 11:20:01,038 - Authenticating in Reddit
INFO: 2022-02-25 11:20:27,676 - Authenticating in Reddit
INFO: 2022-02-25 11:20:27,848 - Authenticating in Imgur
INFO: 2022-02-25 11:21:28,831 - Authenticating in Reddit
INFO: 2022-02-25 11:21:28,832 - Authenticating in Imgur
INFO: 2022-02-25 11:22:10,524 - Authenticating in Reddit
INFO: 2022-02-25 11:22:10,525 - Authenticating in Imgur
INFO: 2022-02-25 11:22:30,638 - Authenticating in Reddit
INFO: 2022-02-25 11:22:30,639 - Authenticating in Imgur
INFO: 2022-02-25 11:22:31,302 - Choosing file: alina-lopez, alina-lopez-80.jpg
INFO: 2022-02-25 11:24:23,800 - Authenticating in Reddit
INFO: 2022-02-25 11:24:23,801 - Authenticating in Imgur
INFO: 2022-02-25 11:24:34,255 - Authenticating in Reddit
INFO: 2022-02-25 11:24:34,256 - Authenticating in Imgur
INFO: 2022-02-25 11:24:35,012 - Choosing file: candace-leilani, candace-leilani-115.jpg
INFO: 2022-02-25 11:24:39,011 - Uploaded https://i.imgur.com/H7Jzopj.jpeg to reddit
INFO: 2022-02-25 11:24:39,011 - Authenticating in Reddit
INFO: 2022-02-25 11:24:39,012 - Authenticating in Imgur
INFO: 2022-02-25 11:24:39,635 - Choosing file: ilvy-kokomo, ilvy-kokomo-61.jpg
INFO: 2022-02-25 11:24:43,885 - Uploaded https://i.imgur.com/8HhC0LU.jpeg to reddit
INFO: 2022-02-25 11:25:17,444 - Authenticating in Reddit
INFO: 2022-02-25 11:25:17,445 - Authenticating in Imgur
INFO: 2022-02-25 11:25:52,515 - Authenticating in Reddit
INFO: 2022-02-25 11:25:56,964 - Authenticating in Imgur
INFO: 2022-02-25 11:26:47,440 - Authenticating in Reddit
INFO: 2022-02-25 11:26:48,954 - Authenticating in Imgur
INFO: 2022-02-25 11:27:35,744 - Authenticating in Reddit
INFO: 2022-02-25 11:27:36,305 - Authenticating in Imgur
INFO: 2022-02-25 11:28:26,873 - Authenticating in Reddit
INFO: 2022-02-25 11:28:28,632 - Authenticating in Imgur
INFO: 2022-02-25 11:28:48,865 - Authenticating in Reddit
INFO: 2022-02-25 11:28:50,240 - Authenticating in Imgur
INFO: 2022-02-25 11:29:21,364 - Authenticating in Reddit
INFO: 2022-02-25 11:29:21,365 - Authenticating in Imgur
INFO: 2022-02-25 11:30:33,038 - Authenticating in Reddit
INFO: 2022-02-25 11:30:34,144 - Authenticating in Imgur
INFO: 2022-02-25 11:33:00,370 - Authenticating in Reddit
INFO: 2022-02-25 11:33:00,371 - Authenticating in Imgur
INFO: 2022-02-25 11:33:38,975 - Authenticating in Reddit
INFO: 2022-02-25 11:33:40,355 - Authenticating in Imgur
INFO: 2022-02-25 11:34:10,045 - Choosing file: calipso-muse, calipso-muse-95.jpg
INFO: 2022-02-25 11:39:02,599 - Authenticating in Reddit
INFO: 2022-02-25 11:39:02,600 - Authenticating in Imgur
INFO: 2022-02-25 11:40:47,861 - Authenticating in Reddit
INFO: 2022-02-25 11:40:47,862 - Authenticating in Imgur
INFO: 2022-02-25 11:43:12,736 - Authenticating in Reddit
INFO: 2022-02-25 11:43:17,125 - Authenticating in Imgur
INFO: 2022-02-25 11:45:21,293 - Authenticating in Reddit
INFO: 2022-02-25 11:45:21,295 - Authenticating in Imgur
INFO: 2022-02-25 11:45:22,063 - Choosing file: shelby-chesnes-82.jpg, shelby-chesnes-82.jpg
INFO: 2022-02-25 11:45:49,585 - Authenticating in Reddit
INFO: 2022-02-25 11:45:51,524 - Authenticating in Imgur
INFO: 2022-02-25 11:45:56,291 - Choosing file: shelby-chesnes-65.jpg, shelby-chesnes-65.jpg
INFO: 2022-02-25 11:48:16,752 - Authenticating in Reddit
INFO: 2022-02-25 11:48:18,051 - Authenticating in Imgur
INFO: 2022-02-25 11:49:05,301 - Authenticating in Reddit
INFO: 2022-02-25 11:49:06,519 - Authenticating in Imgur
INFO: 2022-02-25 11:50:42,585 - Authenticating in Reddit
INFO: 2022-02-25 11:50:42,586 - Authenticating in Imgur
INFO: 2022-02-25 11:50:43,250 - Choosing file: C:\Users\Bruno\iCloudDrive\Documents\Playboy\Playboy Photos\shelby-chesnes, shelby-chesnes-7.jpg
INFO: 2022-02-25 11:50:55,718 - Authenticating in Reddit
INFO: 2022-02-25 11:50:57,320 - Authenticating in Imgur
INFO: 2022-02-25 11:50:58,676 - Choosing file: C:\Users\Bruno\iCloudDrive\Documents\Playboy\Playboy Photos\shelby-chesnes, shelby-chesnes-6.jpg
INFO: 2022-02-25 11:52:06,681 - Authenticating in Reddit
INFO: 2022-02-25 11:52:06,683 - Authenticating in Imgur
INFO: 2022-02-25 11:52:07,378 - Choosing file: C:\Users\Bruno\iCloudDrive\Documents\Playboy\Playboy Photos\shelby-chesnes, shelby-chesnes-11.jpg
INFO: 2022-02-25 11:52:11,856 - Uploaded https://i.imgur.com/ESvfBCg.jpeg to reddit
INFO: 2022-02-25 11:52:11,857 - Authenticating in Reddit
INFO: 2022-02-25 11:52:11,857 - Authenticating in Imgur
INFO: 2022-02-25 11:52:12,578 - Choosing file: C:\Users\Bruno\iCloudDrive\Documents\Playboy\Playboy Photos\shelby-chesnes, shelby-chesnes-27.jpg
INFO: 2022-02-25 11:52:16,825 - Uploaded https://i.imgur.com/IdHNmaA.jpeg to reddit
INFO: 2022-02-25 11:52:39,668 - Authenticating in Reddit
INFO: 2022-02-25 11:52:39,669 - Authenticating in Imgur
INFO: 2022-02-25 11:52:40,388 - Choosing file: sandra-kubicka, sandra-kubicka-26.jpg
INFO: 2022-02-25 11:52:44,676 - Uploaded https://i.imgur.com/xiD9256.jpeg to reddit
INFO: 2022-02-25 11:52:44,676 - Authenticating in Reddit
INFO: 2022-02-25 11:52:44,677 - Authenticating in Imgur
INFO: 2022-02-25 11:52:45,395 - Choosing file: anna-cheri, anna-cheri-14.jpg
INFO: 2022-02-25 11:52:49,131 - Uploaded https://i.imgur.com/s4LYUsC.jpeg to reddit
INFO: 2022-02-25 12:22:35,185 - Authenticating in Reddit
INFO: 2022-02-25 12:22:35,237 - Authenticating in Imgur
INFO: 2022-02-25 12:22:35,904 - Choosing file: maggie-may, maggie-may-29.jpg
INFO: 2022-02-25 12:22:40,435 - Uploaded https://i.imgur.com/UaUvs84.jpeg to reddit
INFO: 2022-02-25 12:22:40,435 - Authenticating in Reddit
INFO: 2022-02-25 12:22:40,435 - Authenticating in Imgur
INFO: 2022-02-25 12:22:41,028 - Choosing file: deanna-greene, deanna-greene-283.jpg
INFO: 2022-02-25 12:22:46,144 - Uploaded https://i.imgur.com/aI85M5z.jpeg to reddit
